ccfd000600ff0000000000000000 0.0
f1fe000600ffffff0000f3ffffff 0.0
f1fe000600ffffff0000f3ffffff 0.1
f1fe000600ffffff0000f3ffffff 0.2
f1fe000600ffffff0000f3ffffff 0.3
f1fe000600ffffff0000f3ffffff 0.4
f1fe000600ffffff0000f3ffffff 0.5
f1fe000600ffffff0000f3ffffff 0.6
f1fe000600ffffff0000f3ffffff 0.7
f1fe000600ffffff0000f3ffffff 0.8
f1fe000600ffffff0000f3ffffff 0.9
ccfd000600ff0000000000000000 1.0
f1fe000600ffffff0000f7ffffff 1.0
f1fe000600ffffff0000f7ffffff 1.1
f1fe000600ffffff0000f7ffffff 1.2
f1fe000600ffffff0000f7ffffff 1.3
f1fe000600ffffff0000f7ffffff 1.4
f1fe000600ffffff0000f7ffffff 1.5
f1fe000600ffffff0000f7ffffff 1.6
f1fe000600ffffff0000f7ffffff 1.7
f1fe000600ffffff0000f7ffffff 1.8
f1fe000600ffffff0000f7ffffff 1.9
ccfd000600ff0000000000000000 2.0
f1fe000600ffffff0000f3ffffff 2.0
f1fe000600ffffff0000f3ffffff 2.1
f1fe000600ffffff0000f3ffffff 2.2
f1fe000600ffffff0000f3ffffff 2.3
f1fe000600ffffff0000f3ffffff 2.4
f1fe000600ffffff0000f3ffffff 2.5
f1fe000600ffffff0000f3ffffff 2.6
f1fe000600ffffff0000f3ffffff 2.7
f1fe000600ffffff0000f3ffffff 2.8
f1fe000600ffffff0000f3ffffff 2.9
ccfd000600ff0010000000000000 3.0
f1fe000600ffffff0000f3ffffff 3.0
f1fe000600ffffff0000f3ffffff 3.1
f1fe000600ffffff0000f3ffffff 3.2
f1fe000600ffffff0000f3ffffff 3.3
f1fe000600ffffff0000f3ffffff 3.4
f1fe000600ffffff0000f3ffffff 3.5
f1fe000600ffffff0000f3ffffff 3.6
f1fe000600ffffff0000f3ffffff 3.7
f1fe000600ffffff0000f3ffffff 3.8
f1fe000600ffffff0000f3ffffff 3.9
ccfd000600ff00e0000000000000 4.0
f1fe000600ffffff0000f3ffffff 4.0
f1fe000600ffffff0000f3ffffff 4.1
f1fe000600ffffff0000f3ffffff 4.2
f1fe000600ffffff0000f3ffffff 4.3
f1fe000600ffffff0000f3ffffff 4.4
f1fe000600ffffff0000f3ffffff 4.5
f1fe000600ffffff0000f3ffffff 4.6
f1fe000600ffffff0000f3ffffff 4.7
f1fe000600ffffff0000f3ffffff 4.8
f1fe000600ffffff0000f3ffffff 4.9
ccfd000600ff0020000000000000 5.0
f1fe000600ffffff0000f3ffffff 5.0
f1fe000600ffffff0000f3ffffff 5.1
f1fe000600ffffff0000f3ffffff 5.2
f1fe000600ffffff0000f3ffffff 5.3
f1fe000600ffffff0000f3ffffff 5.4
f1fe000600ffffff0000f3ffffff 5.5
f1fe000600ffffff0000f3ffffff 5.6
f1fe000600ffffff0000f3ffffff 5.7
f1fe000600ffffff0000f3ffffff 5.8
f1fe000600ffffff0000f3ffffff 5.9
ccfd000600ff0000000000000000 6.0
f1fe000600ffffff0000f3ffffff 6.0
f1fe000600ffffff0000f3ffffff 6.1
f1fe000600ffffff0000f3ffffff 6.2
f1fe000600ffffff0000f3ffffff 6.3
f1fe000600ffffff0000f3ffffff 6.4
f1fe000600ffffff0000f3ffffff 6.5
f1fe000600ffffff0000f3ffffff 6.6
f1fe000600ffffff0000f3ffffff 6.7
f1fe000600ffffff0000f3ffffff 6.8
f1fe000600ffffff0000f3ffffff 6.9
ccfd000600ff0000000000000000 7.0
f1fe000600ffffff0032f7ffffff 7.0
f1fe000600ffffff0032f7ffffff 7.1
f1fe000600ffffff0032f7ffffff 7.2
f1fe000600ffffff0032f7ffffff 7.3
f1fe000600ffffff0032f7ffffff 7.4
f1fe000600ffffff0032f7ffffff 7.5
f1fe000600ffffff0032f7ffffff 7.6
f1fe000600ffffff0032f7ffffff 7.7
f1fe000600ffffff0032f7ffffff 7.8
f1fe000600ffffff0032f7ffffff 7.9
ccfd000600ff0000000000000000 8.0
f1fe000600ffffff0032f7ffffff 8.0
f1fe000600ffffff0032f7ffffff 8.1
f1fe000600ffffff0032f7ffffff 8.2
f1fe000600ffffff0032f7ffffff 8.3
f1fe000600ffffff0032f7ffffff 8.4
f1fe000600ffffff0032f7ffffff 8.5
f1fe000600ffffff0032f7ffffff 8.6
f1fe000600ffffff0032f7ffffff 8.7
f1fe000600ffffff0032f7ffffff 8.8
f1fe000600ffffff0032f7ffffff 8.9
ccfd000600ff0000000000000000 9.0
f1fe000600ffffff0000f3ffffff 9.0
f1fe000600ffffff0000f3ffffff 9.1
f1fe000600ffffff0000f3ffffff 9.2
f1fe000600ffffff0000f3ffffff 9.3
f1fe000600ffffff0000f3ffffff 9.4
f1fe000600ffffff0000f3ffffff 9.5
f1fe000600ffffff0000f3ffffff 9.6
f1fe000600ffffff0000f3ffffff 9.7
f1fe000600ffffff0000f3ffffff 9.8
f1fe000600ffffff0000f3ffffff 9.9
ccfd000600ff0000000000000000 10.0
f1fe000600ffffff00fef7ffffff 10.0
f1fe000600ffffff00fef7ffffff 10.1
f1fe000600ffffff00fef7ffffff 10.2
f1fe000600ffffff00fef7ffffff 10.3
f1fe000600ffffff00fef7ffffff 10.4
f1fe000600ffffff00fef7ffffff 10.5
f1fe000600ffffff00fef7ffffff 10.6
f1fe000600ffffff00fef7ffffff 10.7
f1fe000600ffffff00fef7ffffff 10.8
f1fe000600ffffff00fef7ffffff 10.9
ccfd000600ff0000000000000000 11.0
f1fe000600ffffff00fef7ffffff 11.0
f1fe000600ffffff00fef7ffffff 11.1
f1fe000600ffffff00fef7ffffff 11.2
f1fe000600ffffff00fef7ffffff 11.3
f1fe000600ffffff00fef7ffffff 11.4
f1fe000600ffffff00fef7ffffff 11.5
f1fe000600ffffff00fef7ffffff 11.6
f1fe000600ffffff00fef7ffffff 11.7
f1fe000600ffffff00fef7ffffff 11.8
f1fe000600ffffff00fef7ffffff 11.9
ccfd000600ff0000000000000000 12.0
f1fe000600ffffff0000f3ffffff 12.0
f1fe000600ffffff0000f3ffffff 12.1
f1fe000600ffffff0000f3ffffff 12.2
f1fe000600ffffff0000f3ffffff 12.3
f1fe000600ffffff0000f3ffffff 12.4
f1fe000600ffffff0000f3ffffff 12.5
f1fe000600ffffff0000f3ffffff 12.6
f1fe000600ffffff0000f3ffffff 12.7
f1fe000600ffffff0000f3ffffff 12.8
f1fe000600ffffff0000f3ffffff 12.9
ccfd000600ff00e0000000000000 13.0
f1fe000600ffffff0000f3ffffff 13.0
f1fe000600ffffff0000f3ffffff 13.1
f1fe000600ffffff0000f3ffffff 13.2
f1fe000600ffffff0000f3ffffff 13.3
f1fe000600ffffff0000f3ffffff 13.4
f1fe000600ffffff0000f3ffffff 13.5
f1fe000600ffffff0000f3ffffff 13.6
f1fe000600ffffff0000f3ffffff 13.7
f1fe000600ffffff0000f3ffffff 13.8
f1fe000600ffffff0000f3ffffff 13.9
ccfd000600ff00e0000000000000 14.0
f1fe000600ffffff0032f7ffffff 14.0
f1fe000600ffffff0032f7ffffff 14.1
f1fe000600ffffff0032f7ffffff 14.2
f1fe000600ffffff0032f7ffffff 14.3
f1fe000600ffffff0032f7ffffff 14.4
f1fe000600ffffff0032f7ffffff 14.5
f1fe000600ffffff0032f7ffffff 14.6
f1fe000600ffffff0032f7ffffff 14.7
f1fe000600ffffff0032f7ffffff 14.8
f1fe000600ffffff0032f7ffffff 14.9
ccfd000600ff0000000000000000 15.0
f1fe000600ffffff0000f3ffffff 15.0
f1fe000600ffffff0000f3ffffff 15.1
f1fe000600ffffff0000f3ffffff 15.2
f1fe000600ffffff0000f3ffffff 15.3
f1fe000600ffffff0000f3ffffff 15.4
f1fe000600ffffff0000f3ffffff 15.5
f1fe000600ffffff0000f3ffffff 15.6
f1fe000600ffffff0000f3ffffff 15.7
f1fe000600ffffff0000f3ffffff 15.8
f1fe000600ffffff0000f3ffffff 15.9
ccfd000600ff0000000000000000 16.0
f1fe000600ffffff0000f3ffffff 16.0
f1fe000600ffffff0000f3ffffff 16.1
