ccfd000600ff0000000000000000 0.0
f1fe000600ffffff0000f3ffffff 0.0
f1fe000600ffffff0000f3ffffff 0.1
f1fe000600ffffff0000f3ffffff 0.2
f1fe000600ffffff0000f3ffffff 0.3
f1fe000600ffffff0000f3ffffff 0.4
f1fe000600ffffff0000f3ffffff 0.5
f1fe000600ffffff0000f3ffffff 0.6
f1fe000600ffffff0000f3ffffff 0.7
f1fe000600ffffff0000f3ffffff 0.8
f1fe000600ffffff0000f3ffffff 0.9
ccfd000600ff0010000000000000 1.0
f1fe000600ffffff00fef3ffffff 1.0
f1fe000600ffffff00fef3ffffff 1.1
f1fe000600ffffff00fef3ffffff 1.2
f1fe000600ffffff00fef3ffffff 1.3
f1fe000600ffffff00fef3ffffff 1.4
f1fe000600ffffff00fef3ffffff 1.5
f1fe000600ffffff00fef3ffffff 1.6
f1fe000600ffffff00fef3ffffff 1.7
f1fe000600ffffff00fef3ffffff 1.8
f1fe000600ffffff00fef3ffffff 1.9
ccfd000600ff0010000000000000 3.0
f1fe000600ffffff00fef7ffffff 3.0
f1fe000600ffffff00fef7ffffff 3.1
f1fe000600ffffff00fef7ffffff 3.2
f1fe000600ffffff00fef7ffffff 3.3
f1fe000600ffffff00fef7ffffff 3.4
f1fe000600ffffff00fef7ffffff 3.5
f1fe000600ffffff00fef7ffffff 3.6
f1fe000600ffffff00fef7ffffff 3.7
f1fe000600ffffff00fef7ffffff 3.8
f1fe000600ffffff00fef7ffffff 3.9
ccfd000600ff0010000000000000 4.0
f1fe000600ffffff00fef7ffffff 4.0
f1fe000600ffffff00fef7ffffff 4.1
f1fe000600ffffff00fef7ffffff 4.2
f1fe000600ffffff00fef7ffffff 4.3
f1fe000600ffffff00fef7ffffff 4.4
f1fe000600ffffff00fef7ffffff 4.5
f1fe000600ffffff00fef7ffffff 4.6
f1fe000600ffffff00fef7ffffff 4.7
f1fe000600ffffff00fef7ffffff 4.8
f1fe000600ffffff00fef7ffffff 4.9
ccfd000600ff0000000000000000 5.0
f1fe000600ffffff0000f3ffffff 5.0
f1fe000600ffffff0000f3ffffff 5.1
f1fe000600ffffff0000f3ffffff 5.2
f1fe000600ffffff0000f3ffffff 5.3
f1fe000600ffffff0000f3ffffff 5.4
f1fe000600ffffff0000f3ffffff 5.5
f1fe000600ffffff0000f3ffffff 5.6
f1fe000600ffffff0000f3ffffff 5.7
f1fe000600ffffff0000f3ffffff 5.8
f1fe000600ffffff0000f3ffffff 5.9
ccfd000600ff0000000000000000 6.0
f1fe000600ffffff0000f3ffffff 6.0
